#
# There is insufficient memory for the Java Runtime Environment to continue.
# Native memory allocation (mmap) failed to map 268435456 bytes for G1 virtual space
# Possible reasons:
#   The system is out of physical RAM or swap space
#   The process is running with CompressedOops enabled, and the Java Heap may be blocking the growth of the native heap
# Possible solutions:
#   Reduce memory load on the system
#   Increase physical memory or swap space
#   Check if swap backing store is full
#   Decrease Java heap size (-Xmx/-Xms)
#   Decrease number of Java threads
#   Decrease Java thread stack sizes (-Xss)
#   Set larger code cache with -XX:ReservedCodeCacheSize=
#   JVM is running with Zero Based Compressed Oops mode in which the Java heap is
#     placed in the first 32GB address space. The Java Heap base address is the
#     maximum limit for the native heap growth. Please use -XX:HeapBaseMinAddress
#     to set the Java Heap base and to place the Java Heap above 32GB virtual address.
# This output file may be truncated or incomplete.
#
#  Out of Memory Error (os_windows.cpp:3825), pid=5124, tid=80644
#
# JRE version:  (17.0.10+1) (build )
# Java VM: OpenJDK 64-Bit Server VM (17.0.10+1-b1087.17, mixed mode, sharing, tiered, compressed oops, compressed class ptrs, g1 gc, windows-amd64)
# No core dump will be written. Minidumps are not enabled by default on client versions of Windows
#

---------------  S U M M A R Y ------------

Command Line: git4idea.http.GitAskPassApp Username for 'https://github.com': 

Host: Intel(R) Core(TM) i5-7600 CPU @ 3.50GHz, 4 cores, 15G,  Windows 10 , 64 bit Build 17763 (10.0.17763.475)
Time: Thu Apr 11 14:35:53 2024 Томск (зима) elapsed time: 0.006059 seconds (0d 0h 0m 0s)

---------------  T H R E A D  ---------------

Current thread (0x00000268a4b45fd0):  JavaThread "Unknown thread" [_thread_in_vm, id=80644, stack(0x000000f52a300000,0x000000f52a400000)]

Stack: [0x000000f52a300000,0x000000f52a400000]
Native frames: (J=compiled Java code, j=interpreted, Vv=VM code, C=native code)
V  [jvm.dll+0x688ac9]
V  [jvm.dll+0x84220a]
V  [jvm.dll+0x843e4e]
V  [jvm.dll+0x8444b3]
V  [jvm.dll+0x24ba8f]
V  [jvm.dll+0x685899]
V  [jvm.dll+0x67a14a]
V  [jvm.dll+0x30c7eb]
V  [jvm.dll+0x313c96]
V  [jvm.dll+0x363a2e]
V  [jvm.dll+0x363c5f]
V  [jvm.dll+0x2e25b8]
V  [jvm.dll+0x2e3524]
V  [jvm.dll+0x812d71]
V  [jvm.dll+0x3718e1]
V  [jvm.dll+0x7f18d6]
V  [jvm.dll+0x3f553f]
V  [jvm.dll+0x3f7171]
C  [jli.dll+0x528f]
C  [ucrtbase.dll+0x2268a]
C  [KERNEL32.DLL+0x17974]
C  [ntdll.dll+0x5a0b1]


---------------  P R O C E S S  ---------------

Threads class SMR info:
_java_thread_list=0x00007ffc412aef58, length=0, elements={
}

Java Threads: ( => current thread )

Other Threads:
  0x00000268a4bb1400 GCTaskThread "GC Thread#0" [stack: 0x000000f52a400000,0x000000f52a500000] [id=79556]
  0x00000268a4bc40d0 ConcurrentGCThread "G1 Main Marker" [stack: 0x000000f52a500000,0x000000f52a600000] [id=84344]
  0x00000268a4bc55c0 ConcurrentGCThread "G1 Conc#0" [stack: 0x000000f52a600000,0x000000f52a700000] [id=75216]

[error occurred during error reporting (printing all threads), id 0xc0000005, EXCEPTION_ACCESS_VIOLATION (0xc0000005) at pc=0x00007ffc40a63187]

VM state: not at safepoint (not fully initialized)

VM Mutex/Monitor currently owned by a thread:  ([mutex/lock_event])
[0x00000268a4b40d80] Heap_lock - owner thread: 0x00000268a4b45fd0

Heap address: 0x0000000701a00000, size: 4070 MB, Compressed Oops mode: Zero based, Oop shift amount: 3

CDS archive(s) mapped at: [0x0000000000000000-0x0000000000000000-0x0000000000000000), size 0, SharedBaseAddress: 0x0000000800000000, ArchiveRelocationMode: 1.
Narrow klass base: 0x0000000000000000, Narrow klass shift: 0, Narrow klass range: 0x0

GC Precious Log:
<Empty>

Heap:
 garbage-first heap   total 0K, used 0K [0x0000000701a00000, 0x0000000800000000)
  region size 2048K, 0 young (0K), 0 survivors (0K)
 Metaspace       used 0K, committed 0K, reserved 0K
  class space    used 0K, committed 0K, reserved 0K

Heap Regions: E=young(eden), S=young(survivor), O=old, HS=humongous(starts), HC=humongous(continues), CS=collection set, F=free, OA=open archive, CA=closed archive, TAMS=top-at-mark-start (previous, next)

Card table byte_map: [0x00000268b7ac0000,0x00000268b82c0000] _byte_map_base: 0x00000268b42b3000

Marking Bits (Prev, Next): (CMBitMap*) 0x00000268a4bb3950, (CMBitMap*) 0x00000268a4bb3990
 Prev Bits: [0x00000268b8ac0000, 0x00000268bca58000)
 Next Bits: [0x00000268bca60000, 0x00000268c09f8000)

GC Heap History (0 events):
No events

Dll operation events (1 events):
Event: 0.003 Loaded shared library C:\Program Files\JetBrains\JetBrains Rider 2023.3.4\jbr\bin\java.dll

Deoptimization events (0 events):
No events

Classes unloaded (0 events):
No events

Classes redefined (0 events):
No events

Internal exceptions (0 events):
No events

VM Operations (0 events):
No events

Events (0 events):
No events


Dynamic libraries:
0x00007ff7294f0000 - 0x00007ff7294fa000 	C:\Program Files\JetBrains\JetBrains Rider 2023.3.4\jbr\bin\java.exe
0x00007ffc779a0000 - 0x00007ffc77b8d000 	C:\Windows\SYSTEM32\ntdll.dll
0x00007ffc76f60000 - 0x00007ffc77013000 	C:\Windows\System32\KERNEL32.DLL
0x00007ffc73f40000 - 0x00007ffc741d5000 	C:\Windows\System32\KERNELBASE.dll
0x00007ffc74260000 - 0x00007ffc7435a000 	C:\Windows\System32\ucrtbase.dll
0x00007ffc68a80000 - 0x00007ffc68a97000 	C:\Program Files\JetBrains\JetBrains Rider 2023.3.4\jbr\bin\jli.dll
0x00007ffc204f0000 - 0x00007ffc2050b000 	C:\Program Files\JetBrains\JetBrains Rider 2023.3.4\jbr\bin\VCRUNTIME140.dll
0x00007ffc76c20000 - 0x00007ffc76db7000 	C:\Windows\System32\USER32.dll
0x00007ffc74b80000 - 0x00007ffc74ba0000 	C:\Windows\System32\win32u.dll
0x00007ffc75520000 - 0x00007ffc75549000 	C:\Windows\System32\GDI32.dll
0x00007ffc5c610000 - 0x00007ffc5c889000 	C:\Windows\WinSxS\amd64_microsoft.windows.common-controls_6595b64144ccf1df_6.0.17763.1697_none_de7644c45346d6cf\COMCTL32.dll
0x00007ffc73cf0000 - 0x00007ffc73e8c000 	C:\Windows\System32\gdi32full.dll
0x00007ffc74c70000 - 0x00007ffc74d0e000 	C:\Windows\System32\msvcrt.dll
0x00007ffc73c50000 - 0x00007ffc73cf0000 	C:\Windows\System32\msvcp_win.dll
0x00007ffc75040000 - 0x00007ffc7536e000 	C:\Windows\System32\combase.dll
0x00007ffc77020000 - 0x00007ffc77140000 	C:\Windows\System32\RPCRT4.dll
0x00007ffc741e0000 - 0x00007ffc7425f000 	C:\Windows\System32\bcryptPrimitives.dll
0x00007ffc75560000 - 0x00007ffc7558e000 	C:\Windows\System32\IMM32.DLL
0x00007ffc703d0000 - 0x00007ffc703dc000 	C:\Program Files\JetBrains\JetBrains Rider 2023.3.4\jbr\bin\vcruntime140_1.dll
0x00007ffc1d6b0000 - 0x00007ffc1d73d000 	C:\Program Files\JetBrains\JetBrains Rider 2023.3.4\jbr\bin\msvcp140.dll
0x00007ffc40770000 - 0x00007ffc413f3000 	C:\Program Files\JetBrains\JetBrains Rider 2023.3.4\jbr\bin\server\jvm.dll
0x00007ffc77810000 - 0x00007ffc778b3000 	C:\Windows\System32\ADVAPI32.dll
0x00007ffc74bd0000 - 0x00007ffc74c6f000 	C:\Windows\System32\sechost.dll
0x00007ffc73a10000 - 0x00007ffc73a6d000 	C:\Windows\System32\POWRPROF.dll
0x00007ffc70670000 - 0x00007ffc70694000 	C:\Windows\SYSTEM32\WINMM.dll
0x00007ffc65630000 - 0x00007ffc65639000 	C:\Windows\SYSTEM32\WSOCK32.dll
0x00007ffc6e430000 - 0x00007ffc6e43a000 	C:\Windows\SYSTEM32\VERSION.dll
0x00007ffc76e20000 - 0x00007ffc76e8d000 	C:\Windows\System32\WS2_32.dll
0x00007ffc70640000 - 0x00007ffc7066d000 	C:\Windows\SYSTEM32\WINMMBASE.dll
0x00007ffc73ef0000 - 0x00007ffc73f3a000 	C:\Windows\System32\cfgmgr32.dll
0x00007ffc739f0000 - 0x00007ffc73a01000 	C:\Windows\System32\kernel.appcore.dll
0x00007ffc70710000 - 0x00007ffc7071a000 	C:\Program Files\JetBrains\JetBrains Rider 2023.3.4\jbr\bin\jimage.dll
0x00007ffc64710000 - 0x00007ffc648fd000 	C:\Windows\SYSTEM32\DBGHELP.DLL
0x00007ffc646e0000 - 0x00007ffc6470a000 	C:\Windows\SYSTEM32\dbgcore.DLL
0x00007ffc6be10000 - 0x00007ffc6be35000 	C:\Program Files\JetBrains\JetBrains Rider 2023.3.4\jbr\bin\java.dll

dbghelp: loaded successfully - version: 4.0.5 - missing functions: none
symbol engine: initialized successfully - sym options: 0x614 - pdb path: .;C:\Program Files\JetBrains\JetBrains Rider 2023.3.4\jbr\bin;C:\Windows\SYSTEM32;C:\Windows\WinSxS\amd64_microsoft.windows.common-controls_6595b64144ccf1df_6.0.17763.1697_none_de7644c45346d6cf;C:\Program Files\JetBrains\JetBrains Rider 2023.3.4\jbr\bin\server

VM Arguments:
java_command: git4idea.http.GitAskPassApp Username for 'https://github.com': 
java_class_path (initial): C:/Program Files/JetBrains/JetBrains Rider 2023.3.4/plugins/vcs-git/lib/git4idea-rt.jar;C:/Program Files/JetBrains/JetBrains Rider 2023.3.4/lib/externalProcess-rt.jar
Launcher Type: SUN_STANDARD

[Global flags]
     intx CICompilerCount                          = 3                                         {product} {ergonomic}
     uint ConcGCThreads                            = 1                                         {product} {ergonomic}
     uint G1ConcRefinementThreads                  = 4                                         {product} {ergonomic}
   size_t G1HeapRegionSize                         = 2097152                                   {product} {ergonomic}
    uintx GCDrainStackTargetSize                   = 64                                        {product} {ergonomic}
   size_t InitialHeapSize                          = 268435456                                 {product} {ergonomic}
   size_t MarkStackSize                            = 4194304                                   {product} {ergonomic}
   size_t MaxHeapSize                              = 4267704320                                {product} {ergonomic}
   size_t MinHeapDeltaBytes                        = 2097152                                   {product} {ergonomic}
   size_t MinHeapSize                              = 8388608                                   {product} {ergonomic}
    uintx NonNMethodCodeHeapSize                   = 5832780                                {pd product} {ergonomic}
    uintx NonProfiledCodeHeapSize                  = 122912730                              {pd product} {ergonomic}
    uintx ProfiledCodeHeapSize                     = 122912730                              {pd product} {ergonomic}
    uintx ReservedCodeCacheSize                    = 251658240                              {pd product} {ergonomic}
     bool SegmentedCodeCache                       = true                                      {product} {ergonomic}
   size_t SoftMaxHeapSize                          = 4267704320                             {manageable} {ergonomic}
     bool UseCompressedClassPointers               = true                           {product lp64_product} {ergonomic}
     bool UseCompressedOops                        = true                           {product lp64_product} {ergonomic}
     bool UseG1GC                                  = true                                      {product} {ergonomic}
     bool UseLargePagesIndividualAllocation        = false                                  {pd product} {ergonomic}

Logging:
Log output configuration:
 #0: stdout all=warning uptime,level,tags
 #1: stderr all=off uptime,level,tags

Environment Variables:
PATH=C:\Program Files\Git\mingw64\libexec\git-core;C:\Program Files\Git\mingw64\libexec\git-core;C:\Program Files\Git\mingw64\bin;C:\Program Files\Git\usr\bin;C:\Users\malai\bin;C:\Program Files\Microsoft\jdk-11.0.16.101-hotspot\bin;C:\Program Files (x86)\Intel\iCLS Client;C:\Program Files\Intel\iCLS Client;C:\Windows\system32;C:\Windows;C:\Windows\System32\Wbem;C:\Windows\System32\WindowsPowerShell\v1.0;C:\Windows\System32\OpenSSH;C:\Program Files (x86)\Intel\Intel(R) Management Engine Components\DAL;C:\Program Files\Intel\Intel(R) Management Engine Components\DAL;C:\Program Files (x86)\Intel\Intel(R) Management Engine Components\IPT;C:\Program Files\Intel\Intel(R) Management Engine Components\IPT;C:\Program Files\Microsoft SQL Server\150\Tools\Binn;C:\Program Files\Microsoft SQL Server\Client SDK\ODBC\170\Tools\Binn;C:\Program Files\dotnet;C:\Program Files\Microsoft\Web Platform Installer;C:\Program Files (x86)\Microsoft SQL Server\100\Tools\Binn;C:\Program Files\Microsoft SQL Server\100\Tools\Binn;C:\Program Files\Microsoft SQL Server\100\DTS\Binn;C:\Program Files\Microsoft Service Fabric\bin\Fabric\Fabric.Code;C:\Program Files\Microsoft SDKs\Service Fabric\Tools\ServiceFabricLocalClusterManager;C:\ProgramData\chocolatey\bin;C:\Program Files\nodejs;C:\Program Files (x86)\Inno Setup 6;C:\Program Files\JetBrains\JetBrains Rider 2022.2\tools\MSBuild\Current\Bin;C:\putty-0.73-ru-17;C:\Program Files\Git\cmd;C:\msbuild\MSBuild\Current\Bin;C:\Program Files (x86)\Windows Kits\10\Windows Performance Toolkit;C:\Program Files\PuTTY;C:\Program Files\MiKTeX\miktex\bin\x64;C:\Users\malai\AppData\Local\Microsoft\WindowsApps;C:\Users\malai\.dotnet\tools;C:\Program Files\JetBrains\JetBrains Rider 223.7136.10\bin;C:\Users\malai\AppData\Roaming\npm;C:\Program Files (x86)\Rico Suter\NSwagStudio;C:\Users\malai\AppData\Local\Programs\Microsoft VS Code\bin
USERNAME=malai
DISPLAY=:0.0
LC_ALL=en_US.UTF-8
TERM=xterm-256color
TMPDIR=C:\Users\malai\AppData\Local\Temp
OS=Windows_NT
PROCESSOR_IDENTIFIER=Intel64 Family 6 Model 158 Stepping 9, GenuineIntel
TMP=C:\Users\malai\AppData\Local\Temp
TEMP=C:\Users\malai\AppData\Local\Temp



Periodic native trim disabled

JNI global refs:
JNI global refs: 0, weak refs: 0

JNI global refs memory usage: 0, weak refs: 0

OOME stack traces (most recent first):
Classloader memory used:


---------------  S Y S T E M  ---------------

OS:
 Windows 10 , 64 bit Build 17763 (10.0.17763.475)
OS uptime: 1 days 23:26 hours

CPU: total 4 (initial active 4) (4 cores per cpu, 1 threads per core) family 6 model 158 stepping 9 microcode 0x84, cx8, cmov, fxsr, mmx, 3dnowpref, sse, sse2, sse3, ssse3, sse4.1, sse4.2, popcnt, lzcnt, tsc, tscinvbit, avx, avx2, aes, erms, clmul, bmi1, bmi2, rtm, adx, fma, vzeroupper, clflush, clflushopt
Processor Information for all 4 processors :
  Max Mhz: 3504, Current Mhz: 3504, Mhz Limit: 3504

Memory: 4k page, system-wide physical 16277M (3538M free)
TotalPageFile size 17077M (AvailPageFile size 193M)
current process WorkingSet (physical memory assigned to process): 10M, peak: 10M
current process commit charge ("private bytes"): 52M, peak: 308M

vm_info: OpenJDK 64-Bit Server VM (17.0.10+1-b1087.17) for windows-amd64 JRE (17.0.10+1-b1087.17), built on 2024-01-19 by "builduser" with MS VC++ 16.10 / 16.11 (VS2019)

END.
